Analysis & Synthesis report for DE0_CV_Default
Thu Mar  7 21:31:17 2019
Quartus Prime Version 17.1.0 Build 590 10/25/2017 SJ Lite Edition


---------------------
; Table of Contents ;
---------------------
  1. Legal Notice
  2. Analysis & Synthesis Summary
  3. Analysis & Synthesis Settings
  4. Parallel Compilation
  5. Analysis & Synthesis Source Files Read
  6. Analysis & Synthesis Resource Usage Summary
  7. Analysis & Synthesis Resource Utilization by Entity
  8. General Register Statistics
  9. Multiplexer Restructuring Statistics (Restructuring Performed)
 10. Post-Synthesis Netlist Statistics for Top Partition
 11. Elapsed Time Per Partition
 12. Analysis & Synthesis Messages



----------------
; Legal Notice ;
----------------
Copyright (C) 2017  Intel Corporation. All rights reserved.
Your use of Intel Corporation's design tools, logic functions 
and other software and tools, and its AMPP partner logic 
functions, and any output files from any of the foregoing 
(including device programming or simulation files), and any 
associated documentation or information are expressly subject 
to the terms and conditions of the Intel Program License 
Subscription Agreement, the Intel Quartus Prime License Agreement,
the Intel FPGA IP License Agreement, or other applicable license
agreement, including, without limitation, that your use is for
the sole purpose of programming logic devices manufactured by
Intel and sold by Intel or its authorized distributors.  Please
refer to the applicable agreement for further details.



+-------------------------------------------------------------------------------+
; Analysis & Synthesis Summary                                                  ;
+---------------------------------+---------------------------------------------+
; Analysis & Synthesis Status     ; Successful - Thu Mar  7 21:31:17 2019       ;
; Quartus Prime Version           ; 17.1.0 Build 590 10/25/2017 SJ Lite Edition ;
; Revision Name                   ; DE0_CV_Default                              ;
; Top-level Entity Name           ; TopLevel                                    ;
; Family                          ; Cyclone V                                   ;
; Logic utilization (in ALMs)     ; N/A                                         ;
; Total registers                 ; 0                                           ;
; Total pins                      ; 41                                          ;
; Total virtual pins              ; 0                                           ;
; Total block memory bits         ; 0                                           ;
; Total DSP Blocks                ; 0                                           ;
; Total HSSI RX PCSs              ; 0                                           ;
; Total HSSI PMA RX Deserializers ; 0                                           ;
; Total HSSI TX PCSs              ; 0                                           ;
; Total HSSI PMA TX Serializers   ; 0                                           ;
; Total PLLs                      ; 0                                           ;
; Total DLLs                      ; 0                                           ;
+---------------------------------+---------------------------------------------+


+---------------------------------------------------------------------------------------------------------------------------+
; Analysis & Synthesis Settings                                                                                             ;
+---------------------------------------------------------------------------------+--------------------+--------------------+
; Option                                                                          ; Setting            ; Default Value      ;
+---------------------------------------------------------------------------------+--------------------+--------------------+
; Device                                                                          ; 5CEBA4F23C7        ;                    ;
; Top-level entity name                                                           ; TopLevel           ; DE0_CV_Default     ;
; Family name                                                                     ; Cyclone V          ; Cyclone IV GX      ;
; Use smart compilation                                                           ; On                 ; Off                ;
; Optimization Technique                                                          ; Speed              ; Balanced           ;
; Enable parallel Assembler and TimeQuest Timing Analyzer during compilation      ; On                 ; On                 ;
; Enable compact report table                                                     ; Off                ; Off                ;
; Restructure Multiplexers                                                        ; Auto               ; Auto               ;
; MLAB Add Timing Constraints For Mixed-Port Feed-Through Mode Setting Don't Care ; Off                ; Off                ;
; Create Debugging Nodes for IP Cores                                             ; Off                ; Off                ;
; Preserve fewer node names                                                       ; On                 ; On                 ;
; Intel FPGA IP Evaluation Mode                                                   ; Enable             ; Enable             ;
; Verilog Version                                                                 ; Verilog_2001       ; Verilog_2001       ;
; VHDL Version                                                                    ; VHDL_1993          ; VHDL_1993          ;
; State Machine Processing                                                        ; Auto               ; Auto               ;
; Safe State Machine                                                              ; Off                ; Off                ;
; Extract Verilog State Machines                                                  ; On                 ; On                 ;
; Extract VHDL State Machines                                                     ; On                 ; On                 ;
; Ignore Verilog initial constructs                                               ; Off                ; Off                ;
; Iteration limit for constant Verilog loops                                      ; 5000               ; 5000               ;
; Iteration limit for non-constant Verilog loops                                  ; 250                ; 250                ;
; Add Pass-Through Logic to Inferred RAMs                                         ; On                 ; On                 ;
; Infer RAMs from Raw Logic                                                       ; On                 ; On                 ;
; Parallel Synthesis                                                              ; On                 ; On                 ;
; DSP Block Balancing                                                             ; Auto               ; Auto               ;
; NOT Gate Push-Back                                                              ; On                 ; On                 ;
; Power-Up Don't Care                                                             ; On                 ; On                 ;
; Remove Redundant Logic Cells                                                    ; Off                ; Off                ;
; Remove Duplicate Registers                                                      ; On                 ; On                 ;
; Ignore CARRY Buffers                                                            ; Off                ; Off                ;
; Ignore CASCADE Buffers                                                          ; Off                ; Off                ;
; Ignore GLOBAL Buffers                                                           ; Off                ; Off                ;
; Ignore ROW GLOBAL Buffers                                                       ; Off                ; Off                ;
; Ignore LCELL Buffers                                                            ; Off                ; Off                ;
; Ignore SOFT Buffers                                                             ; On                 ; On                 ;
; Limit AHDL Integers to 32 Bits                                                  ; Off                ; Off                ;
; Carry Chain Length                                                              ; 70                 ; 70                 ;
; Auto Carry Chains                                                               ; On                 ; On                 ;
; Auto Open-Drain Pins                                                            ; On                 ; On                 ;
; Perform WYSIWYG Primitive Resynthesis                                           ; Off                ; Off                ;
; Auto ROM Replacement                                                            ; On                 ; On                 ;
; Auto RAM Replacement                                                            ; On                 ; On                 ;
; Auto DSP Block Replacement                                                      ; On                 ; On                 ;
; Auto Shift Register Replacement                                                 ; Auto               ; Auto               ;
; Allow Shift Register Merging across Hierarchies                                 ; Auto               ; Auto               ;
; Auto Clock Enable Replacement                                                   ; On                 ; On                 ;
; Strict RAM Replacement                                                          ; Off                ; Off                ;
; Allow Synchronous Control Signals                                               ; On                 ; On                 ;
; Force Use of Synchronous Clear Signals                                          ; Off                ; Off                ;
; Auto Resource Sharing                                                           ; Off                ; Off                ;
; Allow Any RAM Size For Recognition                                              ; Off                ; Off                ;
; Allow Any ROM Size For Recognition                                              ; Off                ; Off                ;
; Allow Any Shift Register Size For Recognition                                   ; Off                ; Off                ;
; Use LogicLock Constraints during Resource Balancing                             ; On                 ; On                 ;
; Ignore translate_off and synthesis_off directives                               ; Off                ; Off                ;
; Timing-Driven Synthesis                                                         ; On                 ; On                 ;
; Report Parameter Settings                                                       ; On                 ; On                 ;
; Report Source Assignments                                                       ; On                 ; On                 ;
; Report Connectivity Checks                                                      ; On                 ; On                 ;
; Ignore Maximum Fan-Out Assignments                                              ; Off                ; Off                ;
; Synchronization Register Chain Length                                           ; 3                  ; 3                  ;
; Power Optimization During Synthesis                                             ; Normal compilation ; Normal compilation ;
; HDL message level                                                               ; Level2             ; Level2             ;
; Suppress Register Optimization Related Messages                                 ; Off                ; Off                ;
; Number of Removed Registers Reported in Synthesis Report                        ; 5000               ; 5000               ;
; Number of Swept Nodes Reported in Synthesis Report                              ; 5000               ; 5000               ;
; Number of Inverted Registers Reported in Synthesis Report                       ; 100                ; 100                ;
; Clock MUX Protection                                                            ; On                 ; On                 ;
; Auto Gated Clock Conversion                                                     ; Off                ; Off                ;
; Block Design Naming                                                             ; Auto               ; Auto               ;
; SDC constraint protection                                                       ; Off                ; Off                ;
; Synthesis Effort                                                                ; Auto               ; Auto               ;
; Shift Register Replacement - Allow Asynchronous Clear Signal                    ; On                 ; On                 ;
; Pre-Mapping Resynthesis Optimization                                            ; Off                ; Off                ;
; Analysis & Synthesis Message Level                                              ; Medium             ; Medium             ;
; Disable Register Merging Across Hierarchies                                     ; Auto               ; Auto               ;
; Resource Aware Inference For Block RAM                                          ; On                 ; On                 ;
; Automatic Parallel Synthesis                                                    ; On                 ; On                 ;
; Partial Reconfiguration Bitstream ID                                            ; Off                ; Off                ;
+---------------------------------------------------------------------------------+--------------------+--------------------+


+------------------------------------------+
; Parallel Compilation                     ;
+----------------------------+-------------+
; Processors                 ; Number      ;
+----------------------------+-------------+
; Number detected on machine ; 4           ;
; Maximum allowed            ; 2           ;
;                            ;             ;
; Average used               ; 1.00        ;
; Maximum used               ; 1           ;
;                            ;             ;
; Usage by Processor         ; % Time Used ;
;     Processor 1            ; 100.0%      ;
+----------------------------+-------------+


+----------------------------------------------------------------------------------------------------------------------------------------------------------------+
; Analysis & Synthesis Source Files Read                                                                                                                         ;
+----------------------------------+-----------------+-----------------+-------------------------------------------------------------------------------+---------+
; File Name with User-Entered Path ; Used in Netlist ; File Type       ; File Name with Absolute Path                                                  ; Library ;
+----------------------------------+-----------------+-----------------+-------------------------------------------------------------------------------+---------+
; ../src/TopLevel.vhd              ; yes             ; User VHDL File  ; /home/borg/Z01.1-Insonia/Projetos/C-LogicaCombinacional/src/TopLevel.vhd      ;         ;
; ../src/rtl/Or16.vhd              ; yes             ; User VHDL File  ; /home/borg/Z01.1-Insonia/Projetos/C-LogicaCombinacional/src/rtl/Or16.vhd      ;         ;
; ../src/rtl/Or8Way.vhd            ; yes             ; User VHDL File  ; /home/borg/Z01.1-Insonia/Projetos/C-LogicaCombinacional/src/rtl/Or8Way.vhd    ;         ;
; ../src/rtl/Not16.vhd             ; yes             ; User VHDL File  ; /home/borg/Z01.1-Insonia/Projetos/C-LogicaCombinacional/src/rtl/Not16.vhd     ;         ;
; ../src/rtl/Nor8Way.vhd           ; yes             ; User VHDL File  ; /home/borg/Z01.1-Insonia/Projetos/C-LogicaCombinacional/src/rtl/Nor8Way.vhd   ;         ;
; ../src/rtl/Nand.vhd              ; yes             ; User VHDL File  ; /home/borg/Z01.1-Insonia/Projetos/C-LogicaCombinacional/src/rtl/Nand.vhd      ;         ;
; ../src/rtl/Mux16.vhd             ; yes             ; User VHDL File  ; /home/borg/Z01.1-Insonia/Projetos/C-LogicaCombinacional/src/rtl/Mux16.vhd     ;         ;
; ../src/rtl/Mux8Way16.vhd         ; yes             ; User VHDL File  ; /home/borg/Z01.1-Insonia/Projetos/C-LogicaCombinacional/src/rtl/Mux8Way16.vhd ;         ;
; ../src/rtl/Mux8Way.vhd           ; yes             ; User VHDL File  ; /home/borg/Z01.1-Insonia/Projetos/C-LogicaCombinacional/src/rtl/Mux8Way.vhd   ;         ;
; ../src/rtl/Mux4Way16.vhd         ; yes             ; User VHDL File  ; /home/borg/Z01.1-Insonia/Projetos/C-LogicaCombinacional/src/rtl/Mux4Way16.vhd ;         ;
; ../src/rtl/Mux4Way.vhd           ; yes             ; User VHDL File  ; /home/borg/Z01.1-Insonia/Projetos/C-LogicaCombinacional/src/rtl/Mux4Way.vhd   ;         ;
; ../src/rtl/Mux2Way.vhd           ; yes             ; User VHDL File  ; /home/borg/Z01.1-Insonia/Projetos/C-LogicaCombinacional/src/rtl/Mux2Way.vhd   ;         ;
; ../src/rtl/DMux8Way.vhd          ; yes             ; User VHDL File  ; /home/borg/Z01.1-Insonia/Projetos/C-LogicaCombinacional/src/rtl/DMux8Way.vhd  ;         ;
; ../src/rtl/DMux4Way.vhd          ; yes             ; User VHDL File  ; /home/borg/Z01.1-Insonia/Projetos/C-LogicaCombinacional/src/rtl/DMux4Way.vhd  ;         ;
; ../src/rtl/DMux2Way.vhd          ; yes             ; User VHDL File  ; /home/borg/Z01.1-Insonia/Projetos/C-LogicaCombinacional/src/rtl/DMux2Way.vhd  ;         ;
; ../src/rtl/And16.vhd             ; yes             ; User VHDL File  ; /home/borg/Z01.1-Insonia/Projetos/C-LogicaCombinacional/src/rtl/And16.vhd     ;         ;
+----------------------------------+-----------------+-----------------+-------------------------------------------------------------------------------+---------+


+-----------------------------------------------------------+
; Analysis & Synthesis Resource Usage Summary               ;
+---------------------------------------------+-------------+
; Resource                                    ; Usage       ;
+---------------------------------------------+-------------+
; Estimate of Logic utilization (ALMs needed) ; 9           ;
;                                             ;             ;
; Combinational ALUT usage for logic          ; 17          ;
;     -- 7 input functions                    ; 0           ;
;     -- 6 input functions                    ; 0           ;
;     -- 5 input functions                    ; 0           ;
;     -- 4 input functions                    ; 14          ;
;     -- <=3 input functions                  ; 3           ;
;                                             ;             ;
; Dedicated logic registers                   ; 0           ;
;                                             ;             ;
; I/O pins                                    ; 41          ;
;                                             ;             ;
; Total DSP Blocks                            ; 0           ;
;                                             ;             ;
; Maximum fan-out node                        ; SW[3]~input ;
; Maximum fan-out                             ; 7           ;
; Total fan-out                               ; 123         ;
; Average fan-out                             ; 1.24        ;
+---------------------------------------------+-------------+


+----------------------------------------------------------------------------------------------------------------------------------------------------------------------------------------+
; Analysis & Synthesis Resource Utilization by Entity                                                                                                                                    ;
+----------------------------+---------------------+---------------------------+-------------------+------------+------+--------------+---------------------+-------------+--------------+
; Compilation Hierarchy Node ; Combinational ALUTs ; Dedicated Logic Registers ; Block Memory Bits ; DSP Blocks ; Pins ; Virtual Pins ; Full Hierarchy Name ; Entity Name ; Library Name ;
+----------------------------+---------------------+---------------------------+-------------------+------------+------+--------------+---------------------+-------------+--------------+
; |TopLevel                  ; 17 (17)             ; 0 (0)                     ; 0                 ; 0          ; 41   ; 0            ; |TopLevel           ; TopLevel    ; work         ;
+----------------------------+---------------------+---------------------------+-------------------+------------+------+--------------+---------------------+-------------+--------------+
Note: For table entries with two numbers listed, the numbers in parentheses indicate the number of resources of the given type used by the specific entity alone. The numbers listed outside of parentheses indicate the total resources of the given type used by the specific entity and all of its sub-entities in the hierarchy.


+------------------------------------------------------+
; General Register Statistics                          ;
+----------------------------------------------+-------+
; Statistic                                    ; Value ;
+----------------------------------------------+-------+
; Total registers                              ; 0     ;
; Number of registers using Synchronous Clear  ; 0     ;
; Number of registers using Synchronous Load   ; 0     ;
; Number of registers using Asynchronous Clear ; 0     ;
; Number of registers using Asynchronous Load  ; 0     ;
; Number of registers using Clock Enable       ; 0     ;
; Number of registers using Preset             ; 0     ;
+----------------------------------------------+-------+


+------------------------------------------------------------------------------------------------------------------------------------------+
; Multiplexer Restructuring Statistics (Restructuring Performed)                                                                           ;
+--------------------+-----------+---------------+----------------------+------------------------+------------+----------------------------+
; Multiplexer Inputs ; Bus Width ; Baseline Area ; Area if Restructured ; Saving if Restructured ; Registered ; Example Multiplexer Output ;
+--------------------+-----------+---------------+----------------------+------------------------+------------+----------------------------+
; 3:1                ; 2 bits    ; 4 LEs         ; 4 LEs                ; 0 LEs                  ; No         ; |TopLevel|HEX2[4]          ;
+--------------------+-----------+---------------+----------------------+------------------------+------------+----------------------------+


+-----------------------------------------------------+
; Post-Synthesis Netlist Statistics for Top Partition ;
+-----------------------+-----------------------------+
; Type                  ; Count                       ;
+-----------------------+-----------------------------+
; arriav_lcell_comb     ; 21                          ;
;     normal            ; 21                          ;
;         0 data inputs ; 1                           ;
;         1 data inputs ; 3                           ;
;         2 data inputs ; 3                           ;
;         4 data inputs ; 14                          ;
; boundary_port         ; 41                          ;
;                       ;                             ;
; Max LUT depth         ; 2.00                        ;
; Average LUT depth     ; 1.35                        ;
+-----------------------+-----------------------------+


+-------------------------------+
; Elapsed Time Per Partition    ;
+----------------+--------------+
; Partition Name ; Elapsed Time ;
+----------------+--------------+
; Top            ; 00:00:00     ;
+----------------+--------------+


+-------------------------------+
; Analysis & Synthesis Messages ;
+-------------------------------+
Info: *******************************************************************
Info: Running Quartus Prime Analysis & Synthesis
    Info: Version 17.1.0 Build 590 10/25/2017 SJ Lite Edition
    Info: Processing started: Thu Mar  7 21:30:55 2019
Info: Command: quartus_map --read_settings_files=on --write_settings_files=off DE0_CV_Default -c DE0_CV_Default
Warning (18236): Number of processors has not been specified which may cause overloading on shared machines.  Set the global assignment NUM_PARALLEL_PROCESSORS in your QSF to an appropriate value for best performance.
Info (20030): Parallel compilation is enabled and will use 2 of the 2 processors detected
Info (12021): Found 2 design units, including 1 entities, in source file /home/borg/Z01.1-Insonia/Projetos/C-LogicaCombinacional/src/TopLevel.vhd
    Info (12022): Found design unit 1: TopLevel-rtl File: /home/borg/Z01.1-Insonia/Projetos/C-LogicaCombinacional/src/TopLevel.vhd Line: 34
    Info (12023): Found entity 1: TopLevel File: /home/borg/Z01.1-Insonia/Projetos/C-LogicaCombinacional/src/TopLevel.vhd Line: 21
Info (12021): Found 2 design units, including 1 entities, in source file /home/borg/Z01.1-Insonia/Projetos/C-LogicaCombinacional/src/rtl/Or16.vhd
    Info (12022): Found design unit 1: Or16-arch File: /home/borg/Z01.1-Insonia/Projetos/C-LogicaCombinacional/src/rtl/Or16.vhd Line: 11
    Info (12023): Found entity 1: Or16 File: /home/borg/Z01.1-Insonia/Projetos/C-LogicaCombinacional/src/rtl/Or16.vhd Line: 4
Info (12021): Found 2 design units, including 1 entities, in source file /home/borg/Z01.1-Insonia/Projetos/C-LogicaCombinacional/src/rtl/Or8Way.vhd
    Info (12022): Found design unit 1: Or8Way-arch File: /home/borg/Z01.1-Insonia/Projetos/C-LogicaCombinacional/src/rtl/Or8Way.vhd Line: 17
    Info (12023): Found entity 1: Or8Way File: /home/borg/Z01.1-Insonia/Projetos/C-LogicaCombinacional/src/rtl/Or8Way.vhd Line: 4
Info (12021): Found 2 design units, including 1 entities, in source file /home/borg/Z01.1-Insonia/Projetos/C-LogicaCombinacional/src/rtl/Not16.vhd
    Info (12022): Found design unit 1: Not16-arch File: /home/borg/Z01.1-Insonia/Projetos/C-LogicaCombinacional/src/rtl/Not16.vhd Line: 10
    Info (12023): Found entity 1: Not16 File: /home/borg/Z01.1-Insonia/Projetos/C-LogicaCombinacional/src/rtl/Not16.vhd Line: 4
Info (12021): Found 2 design units, including 1 entities, in source file /home/borg/Z01.1-Insonia/Projetos/C-LogicaCombinacional/src/rtl/Nor8Way.vhd
    Info (12022): Found design unit 1: Nor8Way-arch File: /home/borg/Z01.1-Insonia/Projetos/C-LogicaCombinacional/src/rtl/Nor8Way.vhd Line: 17
    Info (12023): Found entity 1: Nor8Way File: /home/borg/Z01.1-Insonia/Projetos/C-LogicaCombinacional/src/rtl/Nor8Way.vhd Line: 4
Info (12021): Found 2 design units, including 1 entities, in source file /home/borg/Z01.1-Insonia/Projetos/C-LogicaCombinacional/src/rtl/Nand.vhd
    Info (12022): Found design unit 1: nand_z01-rtl File: /home/borg/Z01.1-Insonia/Projetos/C-LogicaCombinacional/src/rtl/Nand.vhd Line: 12
    Info (12023): Found entity 1: nand_z01 File: /home/borg/Z01.1-Insonia/Projetos/C-LogicaCombinacional/src/rtl/Nand.vhd Line: 4
Info (12021): Found 2 design units, including 1 entities, in source file /home/borg/Z01.1-Insonia/Projetos/C-LogicaCombinacional/src/rtl/Mux16.vhd
    Info (12022): Found design unit 1: Mux16-arch File: /home/borg/Z01.1-Insonia/Projetos/C-LogicaCombinacional/src/rtl/Mux16.vhd Line: 12
    Info (12023): Found entity 1: Mux16 File: /home/borg/Z01.1-Insonia/Projetos/C-LogicaCombinacional/src/rtl/Mux16.vhd Line: 4
Info (12021): Found 2 design units, including 1 entities, in source file /home/borg/Z01.1-Insonia/Projetos/C-LogicaCombinacional/src/rtl/Mux8Way16.vhd
    Info (12022): Found design unit 1: Mux8Way16-arch File: /home/borg/Z01.1-Insonia/Projetos/C-LogicaCombinacional/src/rtl/Mux8Way16.vhd Line: 18
    Info (12023): Found entity 1: Mux8Way16 File: /home/borg/Z01.1-Insonia/Projetos/C-LogicaCombinacional/src/rtl/Mux8Way16.vhd Line: 4
Info (12021): Found 2 design units, including 1 entities, in source file /home/borg/Z01.1-Insonia/Projetos/C-LogicaCombinacional/src/rtl/Mux8Way.vhd
    Info (12022): Found design unit 1: Mux8Way-arch File: /home/borg/Z01.1-Insonia/Projetos/C-LogicaCombinacional/src/rtl/Mux8Way.vhd Line: 18
    Info (12023): Found entity 1: Mux8Way File: /home/borg/Z01.1-Insonia/Projetos/C-LogicaCombinacional/src/rtl/Mux8Way.vhd Line: 4
Info (12021): Found 2 design units, including 1 entities, in source file /home/borg/Z01.1-Insonia/Projetos/C-LogicaCombinacional/src/rtl/Mux4Way16.vhd
    Info (12022): Found design unit 1: Mux4Way16-arch File: /home/borg/Z01.1-Insonia/Projetos/C-LogicaCombinacional/src/rtl/Mux4Way16.vhd Line: 14
    Info (12023): Found entity 1: Mux4Way16 File: /home/borg/Z01.1-Insonia/Projetos/C-LogicaCombinacional/src/rtl/Mux4Way16.vhd Line: 4
Info (12021): Found 2 design units, including 1 entities, in source file /home/borg/Z01.1-Insonia/Projetos/C-LogicaCombinacional/src/rtl/Mux4Way.vhd
    Info (12022): Found design unit 1: Mux4Way-arch File: /home/borg/Z01.1-Insonia/Projetos/C-LogicaCombinacional/src/rtl/Mux4Way.vhd Line: 14
    Info (12023): Found entity 1: Mux4Way File: /home/borg/Z01.1-Insonia/Projetos/C-LogicaCombinacional/src/rtl/Mux4Way.vhd Line: 4
Info (12021): Found 2 design units, including 1 entities, in source file /home/borg/Z01.1-Insonia/Projetos/C-LogicaCombinacional/src/rtl/Mux2Way.vhd
    Info (12022): Found design unit 1: Mux2Way-arch File: /home/borg/Z01.1-Insonia/Projetos/C-LogicaCombinacional/src/rtl/Mux2Way.vhd Line: 12
    Info (12023): Found entity 1: Mux2Way File: /home/borg/Z01.1-Insonia/Projetos/C-LogicaCombinacional/src/rtl/Mux2Way.vhd Line: 4
Info (12021): Found 2 design units, including 1 entities, in source file /home/borg/Z01.1-Insonia/Projetos/C-LogicaCombinacional/src/rtl/DMux8Way.vhd
    Info (12022): Found design unit 1: DMux8Way-arch File: /home/borg/Z01.1-Insonia/Projetos/C-LogicaCombinacional/src/rtl/DMux8Way.vhd Line: 18
    Info (12023): Found entity 1: DMux8Way File: /home/borg/Z01.1-Insonia/Projetos/C-LogicaCombinacional/src/rtl/DMux8Way.vhd Line: 4
Info (12021): Found 2 design units, including 1 entities, in source file /home/borg/Z01.1-Insonia/Projetos/C-LogicaCombinacional/src/rtl/DMux4Way.vhd
    Info (12022): Found design unit 1: DMux4Way-rtl File: /home/borg/Z01.1-Insonia/Projetos/C-LogicaCombinacional/src/rtl/DMux4Way.vhd Line: 14
    Info (12023): Found entity 1: DMux4Way File: /home/borg/Z01.1-Insonia/Projetos/C-LogicaCombinacional/src/rtl/DMux4Way.vhd Line: 4
Info (12021): Found 2 design units, including 1 entities, in source file /home/borg/Z01.1-Insonia/Projetos/C-LogicaCombinacional/src/rtl/DMux2Way.vhd
    Info (12022): Found design unit 1: DMux2Way-rtl File: /home/borg/Z01.1-Insonia/Projetos/C-LogicaCombinacional/src/rtl/DMux2Way.vhd Line: 12
    Info (12023): Found entity 1: DMux2Way File: /home/borg/Z01.1-Insonia/Projetos/C-LogicaCombinacional/src/rtl/DMux2Way.vhd Line: 4
Warning (12019): Can't analyze file -- file ../src/rtl/BarrelShifter16.vhd is missing
Warning (12019): Can't analyze file -- file ../src/rtl/BarrelShifter8.vhd is missing
Info (12021): Found 2 design units, including 1 entities, in source file /home/borg/Z01.1-Insonia/Projetos/C-LogicaCombinacional/src/rtl/And16.vhd
    Info (12022): Found design unit 1: And16-arch File: /home/borg/Z01.1-Insonia/Projetos/C-LogicaCombinacional/src/rtl/And16.vhd Line: 11
    Info (12023): Found entity 1: And16 File: /home/borg/Z01.1-Insonia/Projetos/C-LogicaCombinacional/src/rtl/And16.vhd Line: 4
Info (12127): Elaborating entity "TopLevel" for the top level hierarchy
Warning (10541): VHDL Signal Declaration warning at TopLevel.vhd(27): used implicit default value for signal "LEDR" because signal was never assigned a value or an explicit default value. Use of implicit default value may introduce unintended design optimizations. File: /home/borg/Z01.1-Insonia/Projetos/C-LogicaCombinacional/src/TopLevel.vhd Line: 27
Info (10041): Inferred latch for "HEX2[6]" at TopLevel.vhd(80) File: /home/borg/Z01.1-Insonia/Projetos/C-LogicaCombinacional/src/TopLevel.vhd Line: 80
Info (10041): Inferred latch for "HEX2[5]" at TopLevel.vhd(80) File: /home/borg/Z01.1-Insonia/Projetos/C-LogicaCombinacional/src/TopLevel.vhd Line: 80
Info (10041): Inferred latch for "HEX2[4]" at TopLevel.vhd(80) File: /home/borg/Z01.1-Insonia/Projetos/C-LogicaCombinacional/src/TopLevel.vhd Line: 80
Info (10041): Inferred latch for "HEX2[3]" at TopLevel.vhd(80) File: /home/borg/Z01.1-Insonia/Projetos/C-LogicaCombinacional/src/TopLevel.vhd Line: 80
Info (10041): Inferred latch for "HEX2[2]" at TopLevel.vhd(80) File: /home/borg/Z01.1-Insonia/Projetos/C-LogicaCombinacional/src/TopLevel.vhd Line: 80
Info (10041): Inferred latch for "HEX2[1]" at TopLevel.vhd(80) File: /home/borg/Z01.1-Insonia/Projetos/C-LogicaCombinacional/src/TopLevel.vhd Line: 80
Info (10041): Inferred latch for "HEX2[0]" at TopLevel.vhd(80) File: /home/borg/Z01.1-Insonia/Projetos/C-LogicaCombinacional/src/TopLevel.vhd Line: 80
Info (10041): Inferred latch for "HEX1[6]" at TopLevel.vhd(63) File: /home/borg/Z01.1-Insonia/Projetos/C-LogicaCombinacional/src/TopLevel.vhd Line: 63
Info (10041): Inferred latch for "HEX1[5]" at TopLevel.vhd(63) File: /home/borg/Z01.1-Insonia/Projetos/C-LogicaCombinacional/src/TopLevel.vhd Line: 63
Info (10041): Inferred latch for "HEX1[4]" at TopLevel.vhd(63) File: /home/borg/Z01.1-Insonia/Projetos/C-LogicaCombinacional/src/TopLevel.vhd Line: 63
Info (10041): Inferred latch for "HEX1[3]" at TopLevel.vhd(63) File: /home/borg/Z01.1-Insonia/Projetos/C-LogicaCombinacional/src/TopLevel.vhd Line: 63
Info (10041): Inferred latch for "HEX1[2]" at TopLevel.vhd(63) File: /home/borg/Z01.1-Insonia/Projetos/C-LogicaCombinacional/src/TopLevel.vhd Line: 63
Info (10041): Inferred latch for "HEX1[1]" at TopLevel.vhd(63) File: /home/borg/Z01.1-Insonia/Projetos/C-LogicaCombinacional/src/TopLevel.vhd Line: 63
Info (10041): Inferred latch for "HEX1[0]" at TopLevel.vhd(63) File: /home/borg/Z01.1-Insonia/Projetos/C-LogicaCombinacional/src/TopLevel.vhd Line: 63
Info (10041): Inferred latch for "HEX0[6]" at TopLevel.vhd(46) File: /home/borg/Z01.1-Insonia/Projetos/C-LogicaCombinacional/src/TopLevel.vhd Line: 46
Info (10041): Inferred latch for "HEX0[5]" at TopLevel.vhd(46) File: /home/borg/Z01.1-Insonia/Projetos/C-LogicaCombinacional/src/TopLevel.vhd Line: 46
Info (10041): Inferred latch for "HEX0[4]" at TopLevel.vhd(46) File: /home/borg/Z01.1-Insonia/Projetos/C-LogicaCombinacional/src/TopLevel.vhd Line: 46
Info (10041): Inferred latch for "HEX0[3]" at TopLevel.vhd(46) File: /home/borg/Z01.1-Insonia/Projetos/C-LogicaCombinacional/src/TopLevel.vhd Line: 46
Info (10041): Inferred latch for "HEX0[2]" at TopLevel.vhd(46) File: /home/borg/Z01.1-Insonia/Projetos/C-LogicaCombinacional/src/TopLevel.vhd Line: 46
Info (10041): Inferred latch for "HEX0[1]" at TopLevel.vhd(46) File: /home/borg/Z01.1-Insonia/Projetos/C-LogicaCombinacional/src/TopLevel.vhd Line: 46
Info (10041): Inferred latch for "HEX0[0]" at TopLevel.vhd(46) File: /home/borg/Z01.1-Insonia/Projetos/C-LogicaCombinacional/src/TopLevel.vhd Line: 46
Warning (13024): Output pins are stuck at VCC or GND
    Warning (13410): Pin "HEX2[1]" is stuck at GND File: /home/borg/Z01.1-Insonia/Projetos/C-LogicaCombinacional/src/TopLevel.vhd Line: 80
    Warning (13410): Pin "LEDR[0]" is stuck at GND File: /home/borg/Z01.1-Insonia/Projetos/C-LogicaCombinacional/src/TopLevel.vhd Line: 27
    Warning (13410): Pin "LEDR[1]" is stuck at GND File: /home/borg/Z01.1-Insonia/Projetos/C-LogicaCombinacional/src/TopLevel.vhd Line: 27
    Warning (13410): Pin "LEDR[2]" is stuck at GND File: /home/borg/Z01.1-Insonia/Projetos/C-LogicaCombinacional/src/TopLevel.vhd Line: 27
    Warning (13410): Pin "LEDR[3]" is stuck at GND File: /home/borg/Z01.1-Insonia/Projetos/C-LogicaCombinacional/src/TopLevel.vhd Line: 27
    Warning (13410): Pin "LEDR[4]" is stuck at GND File: /home/borg/Z01.1-Insonia/Projetos/C-LogicaCombinacional/src/TopLevel.vhd Line: 27
    Warning (13410): Pin "LEDR[5]" is stuck at GND File: /home/borg/Z01.1-Insonia/Projetos/C-LogicaCombinacional/src/TopLevel.vhd Line: 27
    Warning (13410): Pin "LEDR[6]" is stuck at GND File: /home/borg/Z01.1-Insonia/Projetos/C-LogicaCombinacional/src/TopLevel.vhd Line: 27
    Warning (13410): Pin "LEDR[7]" is stuck at GND File: /home/borg/Z01.1-Insonia/Projetos/C-LogicaCombinacional/src/TopLevel.vhd Line: 27
    Warning (13410): Pin "LEDR[8]" is stuck at GND File: /home/borg/Z01.1-Insonia/Projetos/C-LogicaCombinacional/src/TopLevel.vhd Line: 27
    Warning (13410): Pin "LEDR[9]" is stuck at GND File: /home/borg/Z01.1-Insonia/Projetos/C-LogicaCombinacional/src/TopLevel.vhd Line: 27
Info (286030): Timing-Driven Synthesis is running
Info (16010): Generating hard_block partition "hard_block:auto_generated_inst"
    Info (16011): Adding 0 node(s), including 0 DDIO, 0 PLL, 0 transceiver and 0 LCELL
Info (21057): Implemented 58 device resources after synthesis - the final resource count might be different
    Info (21058): Implemented 10 input pins
    Info (21059): Implemented 31 output pins
    Info (21061): Implemented 17 logic cells
Info: Quartus Prime Analysis & Synthesis was successful. 0 errors, 16 warnings
    Info: Peak virtual memory: 1032 megabytes
    Info: Processing ended: Thu Mar  7 21:31:17 2019
    Info: Elapsed time: 00:00:22
    Info: Total CPU time (on all processors): 00:00:29


