Assembler report for DE0_CV_Default
Tue Mar 12 18:36:49 2019
Quartus Prime Version 17.1.0 Build 590 10/25/2017 SJ Lite Edition


---------------------
; Table of Contents ;
---------------------
  1. Legal Notice
  2. Assembler Summary
  3. Assembler Settings
  4. Assembler Generated Files
  5. Assembler Device Options: DE0_CV_Default.sof
  6. Assembler Device Options: DE0_CV_Default.pof
  7. Assembler Messages



----------------
; Legal Notice ;
----------------
Copyright (C) 2017  Intel Corporation. All rights reserved.
Your use of Intel Corporation's design tools, logic functions 
and other software and tools, and its AMPP partner logic 
functions, and any output files from any of the foregoing 
(including device programming or simulation files), and any 
associated documentation or information are expressly subject 
to the terms and conditions of the Intel Program License 
Subscription Agreement, the Intel Quartus Prime License Agreement,
the Intel FPGA IP License Agreement, or other applicable license
agreement, including, without limitation, that your use is for
the sole purpose of programming logic devices manufactured by
Intel and sold by Intel or its authorized distributors.  Please
refer to the applicable agreement for further details.



+---------------------------------------------------------------+
; Assembler Summary                                             ;
+-----------------------+---------------------------------------+
; Assembler Status      ; Successful - Tue Mar 12 18:36:49 2019 ;
; Revision Name         ; DE0_CV_Default                        ;
; Top-level Entity Name ; TopLevel                              ;
; Family                ; Cyclone V                             ;
; Device                ; 5CEBA4F23C7                           ;
+-----------------------+---------------------------------------+


+----------------------------------+
; Assembler Settings               ;
+--------+---------+---------------+
; Option ; Setting ; Default Value ;
+--------+---------+---------------+


+---------------------------------------------------------------------------------------------------------------+
; Assembler Generated Files                                                                                     ;
+---------------------------------------------------------------------------------------------------------------+
; File Name                                                                                                     ;
+---------------------------------------------------------------------------------------------------------------+
; /home/borg/Documents/insper/elementos/Z01.1-Insonia/Projetos/C-LogicaCombinacional/Quartus/DE0_CV_Default.sof ;
; /home/borg/Documents/insper/elementos/Z01.1-Insonia/Projetos/C-LogicaCombinacional/Quartus/DE0_CV_Default.pof ;
+---------------------------------------------------------------------------------------------------------------+


+----------------------------------------------+
; Assembler Device Options: DE0_CV_Default.sof ;
+----------------+-----------------------------+
; Option         ; Setting                     ;
+----------------+-----------------------------+
; JTAG usercode  ; 0x004E47C0                  ;
; Checksum       ; 0x004E47C0                  ;
+----------------+-----------------------------+


+----------------------------------------------+
; Assembler Device Options: DE0_CV_Default.pof ;
+--------------------+-------------------------+
; Option             ; Setting                 ;
+--------------------+-------------------------+
; JTAG usercode      ; 0x00000000              ;
; Checksum           ; 0x74B61862              ;
; Compression Ratio  ; 3                       ;
+--------------------+-------------------------+


+--------------------+
; Assembler Messages ;
+--------------------+
Info: *******************************************************************
Info: Running Quartus Prime Assembler
    Info: Version 17.1.0 Build 590 10/25/2017 SJ Lite Edition
    Info: Processing started: Tue Mar 12 18:36:44 2019
Info: Command: quartus_asm --read_settings_files=off --write_settings_files=off DE0_CV_Default -c DE0_CV_Default
Warning (18236): Number of processors has not been specified which may cause overloading on shared machines.  Set the global assignment NUM_PARALLEL_PROCESSORS in your QSF to an appropriate value for best performance.
Info (115030): Assembler is generating device programming files
Info: Quartus Prime Assembler was successful. 0 errors, 1 warning
    Info: Peak virtual memory: 955 megabytes
    Info: Processing ended: Tue Mar 12 18:36:49 2019
    Info: Elapsed time: 00:00:05
    Info: Total CPU time (on all processors): 00:00:05


